<?xml version="1.0" encoding="UTF-8"?>
<!-- Generated by org.testng.reporters.JUnitReportReporter -->
<testsuite name="SeleniumPractice.demoOpenCart.Page_Tests" tests="4" time="47.306" ignored="0" failures="0" timestamp="23 Jun 2020 06:42:58 GMT" skipped="0" hostname="pooja" errors="0">
  <testcase name="login_Positive" time="9.471" classname="SeleniumPractice.demoOpenCart.Page_Tests"/>
  <testcase name="Add_To_Wishlist" time="19.196" classname="SeleniumPractice.demoOpenCart.Page_Tests"/>
  <testcase name="Add_To_Cart_From_Productview" time="4.546" classname="SeleniumPractice.demoOpenCart.Page_Tests"/>
  <testcase name="Add_To_Cart_From_Wishlist" time="14.093" classname="SeleniumPractice.demoOpenCart.Page_Tests"/>
</testsuite> <!-- SeleniumPractice.demoOpenCart.Page_Tests -->
