<?xml version="1.0" encoding="UTF-8"?>
<!-- Generated by org.testng.reporters.JUnitReportReporter -->
<testsuite name="com.demoOpenCart.Page_Tests" tests="4" time="64.692" ignored="0" failures="0" timestamp="23 Jun 2020 07:24:50 GMT" skipped="0" hostname="pooja" errors="0">
  <testcase name="login_Positive" time="16.274" classname="com.demoOpenCart.Page_Tests"/>
  <testcase name="Add_To_Wishlist" time="25.986" classname="com.demoOpenCart.Page_Tests"/>
  <testcase name="Add_To_Cart_From_Productview" time="4.122" classname="com.demoOpenCart.Page_Tests"/>
  <testcase name="Add_To_Cart_From_Wishlist" time="18.310" classname="com.demoOpenCart.Page_Tests"/>
</testsuite> <!-- com.demoOpenCart.Page_Tests -->
